The system is: Darwin - 16.7.0 - x86_64
Compiling the Fortran compiler identification source file "CMakeFortranCompilerId.F" succeeded.
Compiler: /opt/local/bin/gfortran 
Build flags: 
Id flags: -v

The output was:
0
Driving: /opt/local/bin/gfortran -mmacosx-version-min=10.12.7 -v CMakeFortranCompilerId.F -l gfortran -shared-libgcc
Using built-in specs.
COLLECT_GCC=/opt/local/bin/gfortran
COLLECT_LTO_WRAPPER=/opt/local/libexec/gcc/x86_64-apple-darwin16/4.9.4/lto-wrapper
Target: x86_64-apple-darwin16
Configured with: /opt/local/var/macports/build/_opt_bblocal_var_buildworker_ports_build_ports_lang_gcc49/gcc49/work/gcc-4.9.4/configure --prefix=/opt/local --build=x86_64-apple-darwin16 --enable-languages=c,c++,objc,obj-c++,lto,fortran,java --libdir=/opt/local/lib/gcc49 --includedir=/opt/local/include/gcc49 --infodir=/opt/local/share/info --mandir=/opt/local/share/man --datarootdir=/opt/local/share/gcc-4.9 --with-local-prefix=/opt/local --with-system-zlib --disable-nls --program-suffix=-mp-4.9 --with-gxx-include-dir=/opt/local/include/gcc49/c++/ --with-gmp=/opt/local --with-mpfr=/opt/local --with-mpc=/opt/local --with-isl=/opt/local --disable-isl-version-check --with-cloog=/opt/local --disable-cloog-version-check --enable-stage1-checking --disable-multilib --enable-lto --enable-libstdcxx-time --with-build-config=bootstrap-debug --with-as=/opt/local/bin/as --with-ld=/opt/local/bin/ld --with-ar=/opt/local/bin/ar --with-bugurl=https://trac.macports.org/newticket --with-pkgversion='MacPorts gcc49 4.9.4_0' --with-build-config=bootstrap-debug
Thread model: posix
gcc version 4.9.4 (MacPorts gcc49 4.9.4_0) 
COLLECT_GCC_OPTIONS='-mmacosx-version-min=10.12.7' '-v' '-shared-libgcc' '-mtune=core2'
 /opt/local/libexec/gcc/x86_64-apple-darwin16/4.9.4/f951 CMakeFortranCompilerId.F -ffixed-form -cpp=/var/folders/ht/yg1qpdss7450bj58zbkchp9c00011x/T//cc0UamZw.f90 -quiet -v -D__DYNAMIC__ CMakeFortranCompilerId.F -fPIC -quiet -dumpbase CMakeFortranCompilerId.F -mmacosx-version-min=10.12.7 -mtune=core2 -auxbase CMakeFortranCompilerId -version -fintrinsic-modules-path /opt/local/lib/gcc49/gcc/x86_64-apple-darwin16/4.9.4/finclude -o /var/folders/ht/yg1qpdss7450bj58zbkchp9c00011x/T//ccOXyug2.s
GNU Fortran (MacPorts gcc49 4.9.4_0) version 4.9.4 (x86_64-apple-darwin16)
	compiled by GNU C version 4.9.4, GMP version 6.1.1, MPFR version 3.1.4, MPC version 1.0.3
GGC heuristics: --param ggc-min-expand=100 --param ggc-min-heapsize=131072
ignoring nonexistent directory "/opt/local/lib/gcc49/gcc/x86_64-apple-darwin16/4.9.4/../../../../../x86_64-apple-darwin16/include"
#include "..." search starts here:
#include <...> search starts here:
 /opt/local/lib/gcc49/gcc/x86_64-apple-darwin16/4.9.4/finclude
 /opt/local/lib/gcc49/gcc/x86_64-apple-darwin16/4.9.4/include
 /opt/local/include
 /opt/local/lib/gcc49/gcc/x86_64-apple-darwin16/4.9.4/include-fixed
 /usr/include
End of search list.
GNU Fortran (MacPorts gcc49 4.9.4_0) version 4.9.4 (x86_64-apple-darwin16)
	compiled by GNU C version 4.9.4, GMP version 6.1.1, MPFR version 3.1.4, MPC version 1.0.3
GGC heuristics: --param ggc-min-expand=100 --param ggc-min-heapsize=131072
COLLECT_GCC_OPTIONS='-mmacosx-version-min=10.12.7' '-v' '-shared-libgcc' '-mtune=core2'
 /opt/local/bin/as -v -arch x86_64 -force_cpusubtype_ALL -o /var/folders/ht/yg1qpdss7450bj58zbkchp9c00011x/T//ccczLn2N.o /var/folders/ht/yg1qpdss7450bj58zbkchp9c00011x/T//ccOXyug2.s
Apple Inc version cctools-886, GNU assembler version 1.38
Reading specs from /opt/local/lib/gcc49/gcc/x86_64-apple-darwin16/4.9.4/../../../libgfortran.spec
rename spec lib to liborig
COLLECT_GCC_OPTIONS='-mmacosx-version-min=10.12.7' '-v' '-shared-libgcc' '-mtune=core2'
COMPILER_PATH=/opt/local/libexec/gcc/x86_64-apple-darwin16/4.9.4/:/opt/local/libexec/gcc/x86_64-apple-darwin16/4.9.4/:/opt/local/libexec/gcc/x86_64-apple-darwin16/:/opt/local/lib/gcc49/gcc/x86_64-apple-darwin16/4.9.4/:/opt/local/lib/gcc49/gcc/x86_64-apple-darwin16/
LIBRARY_PATH=/opt/local/lib/gcc49/gcc/x86_64-apple-darwin16/4.9.4/:/opt/local/lib/gcc49/gcc/x86_64-apple-darwin16/4.9.4/../../../:/usr/lib/
COLLECT_GCC_OPTIONS='-mmacosx-version-min=10.12.7' '-v' '-shared-libgcc' '-mtune=core2'
 /opt/local/libexec/gcc/x86_64-apple-darwin16/4.9.4/collect2 -dynamic -arch x86_64 -macosx_version_min 10.12.7 -weak_reference_mismatches non-weak -o a.out -L/opt/local/lib/gcc49/gcc/x86_64-apple-darwin16/4.9.4 -L/opt/local/lib/gcc49/gcc/x86_64-apple-darwin16/4.9.4/../../.. /var/folders/ht/yg1qpdss7450bj58zbkchp9c00011x/T//ccczLn2N.o -lgfortran -no_compact_unwind -lSystem -lgcc_ext.10.5 -lgcc -lquadmath -lm -lgcc_ext.10.5 -lgcc -lSystem -v
collect2 version 4.9.4
/opt/local/bin/ld -dynamic -arch x86_64 -macosx_version_min 10.12.7 -weak_reference_mismatches non-weak -o a.out -L/opt/local/lib/gcc49/gcc/x86_64-apple-darwin16/4.9.4 -L/opt/local/lib/gcc49/gcc/x86_64-apple-darwin16/4.9.4/../../.. /var/folders/ht/yg1qpdss7450bj58zbkchp9c00011x/T//ccczLn2N.o -lgfortran -no_compact_unwind -lSystem -lgcc_ext.10.5 -lgcc -lquadmath -lm -lgcc_ext.10.5 -lgcc -lSystem -v
@(#)PROGRAM:ld  PROJECT:ld64-264.3.102
configured to support archs: i386 x86_64 x86_64h armv6 armv7 armv7s armv7m armv7k arm64 (tvOS)
Library search paths:
	/opt/local/lib/gcc49/gcc/x86_64-apple-darwin16/4.9.4
	/opt/local/lib/gcc49
	/usr/lib
	/usr/local/lib
Framework search paths:
	/Library/Frameworks/
	/System/Library/Frameworks/
 /opt/local/bin/nm -n /var/folders/ht/yg1qpdss7450bj58zbkchp9c00011x/T//ccczLn2N.o


Compilation of the Fortran compiler identification source "CMakeFortranCompilerId.F" produced "a.out"

The Fortran compiler identification is GNU, found in "/u/rbentley/python/efit5-build/CMakeFiles/3.7.1/CompilerIdFortran/a.out"

Compiling the C compiler identification source file "CMakeCCompilerId.c" succeeded.
Compiler: /opt/local/bin/gcc 
Build flags: 
Id flags: 

The output was:
0


Compilation of the C compiler identification source "CMakeCCompilerId.c" produced "a.out"

The C compiler identification is GNU, found in "/u/rbentley/python/efit5-build/CMakeFiles/3.7.1/CompilerIdC/a.out"

Compiling the CXX compiler identification source file "CMakeCXXCompilerId.cpp" succeeded.
Compiler: /opt/local/bin/c++ 
Build flags: 
Id flags: 

The output was:
0


Compilation of the CXX compiler identification source "CMakeCXXCompilerId.cpp" produced "a.out"

The CXX compiler identification is GNU, found in "/u/rbentley/python/efit5-build/CMakeFiles/3.7.1/CompilerIdCXX/a.out"

Determining if the Fortran compiler works passed with the following output:
Change Dir: /u/rbentley/python/efit5-build/CMakeFiles/CMakeTmp

Run Build Command:"/usr/bin/make" "cmTC_1dcf8/fast"
/Applications/Xcode.app/Contents/Developer/usr/bin/make -f CMakeFiles/cmTC_1dcf8.dir/build.make CMakeFiles/cmTC_1dcf8.dir/build
Building Fortran object CMakeFiles/cmTC_1dcf8.dir/testFortranCompiler.f.o
/opt/local/bin/gfortran     -c /u/rbentley/python/efit5-build/CMakeFiles/CMakeTmp/testFortranCompiler.f -o CMakeFiles/cmTC_1dcf8.dir/testFortranCompiler.f.o
Linking Fortran executable cmTC_1dcf8
/opt/local/bin/cmake -E cmake_link_script CMakeFiles/cmTC_1dcf8.dir/link.txt --verbose=1
/opt/local/bin/gfortran       CMakeFiles/cmTC_1dcf8.dir/testFortranCompiler.f.o  -o cmTC_1dcf8  


Detecting Fortran compiler ABI info compiled with the following output:
Change Dir: /u/rbentley/python/efit5-build/CMakeFiles/CMakeTmp

Run Build Command:"/usr/bin/make" "cmTC_9f2e8/fast"
/Applications/Xcode.app/Contents/Developer/usr/bin/make -f CMakeFiles/cmTC_9f2e8.dir/build.make CMakeFiles/cmTC_9f2e8.dir/build
Building Fortran object CMakeFiles/cmTC_9f2e8.dir/CMakeFortranCompilerABI.F.o
/opt/local/bin/gfortran     -c /opt/local/share/cmake-3.7/Modules/CMakeFortranCompilerABI.F -o CMakeFiles/cmTC_9f2e8.dir/CMakeFortranCompilerABI.F.o
Linking Fortran executable cmTC_9f2e8
/opt/local/bin/cmake -E cmake_link_script CMakeFiles/cmTC_9f2e8.dir/link.txt --verbose=1
/opt/local/bin/gfortran    -v -Wl,-v   CMakeFiles/cmTC_9f2e8.dir/CMakeFortranCompilerABI.F.o  -o cmTC_9f2e8   
Driving: /opt/local/bin/gfortran -mmacosx-version-min=10.12.7 -v -Wl,-v CMakeFiles/cmTC_9f2e8.dir/CMakeFortranCompilerABI.F.o -o cmTC_9f2e8 -l gfortran -shared-libgcc
Using built-in specs.
COLLECT_GCC=/opt/local/bin/gfortran
COLLECT_LTO_WRAPPER=/opt/local/libexec/gcc/x86_64-apple-darwin16/4.9.4/lto-wrapper
Target: x86_64-apple-darwin16
Configured with: /opt/local/var/macports/build/_opt_bblocal_var_buildworker_ports_build_ports_lang_gcc49/gcc49/work/gcc-4.9.4/configure --prefix=/opt/local --build=x86_64-apple-darwin16 --enable-languages=c,c++,objc,obj-c++,lto,fortran,java --libdir=/opt/local/lib/gcc49 --includedir=/opt/local/include/gcc49 --infodir=/opt/local/share/info --mandir=/opt/local/share/man --datarootdir=/opt/local/share/gcc-4.9 --with-local-prefix=/opt/local --with-system-zlib --disable-nls --program-suffix=-mp-4.9 --with-gxx-include-dir=/opt/local/include/gcc49/c++/ --with-gmp=/opt/local --with-mpfr=/opt/local --with-mpc=/opt/local --with-isl=/opt/local --disable-isl-version-check --with-cloog=/opt/local --disable-cloog-version-check --enable-stage1-checking --disable-multilib --enable-lto --enable-libstdcxx-time --with-build-config=bootstrap-debug --with-as=/opt/local/bin/as --with-ld=/opt/local/bin/ld --with-ar=/opt/local/bin/ar --with-bugurl=https://trac.macports.org/newticket --with-pkgversion='MacPorts gcc49 4.9.4_0' --with-build-config=bootstrap-debug
Thread model: posix
gcc version 4.9.4 (MacPorts gcc49 4.9.4_0) 
Reading specs from /opt/local/lib/gcc49/gcc/x86_64-apple-darwin16/4.9.4/../../../libgfortran.spec
rename spec lib to liborig
COLLECT_GCC_OPTIONS='-mmacosx-version-min=10.12.7' '-v' '-o' 'cmTC_9f2e8' '-shared-libgcc' '-mtune=core2'
COMPILER_PATH=/opt/local/libexec/gcc/x86_64-apple-darwin16/4.9.4/:/opt/local/libexec/gcc/x86_64-apple-darwin16/4.9.4/:/opt/local/libexec/gcc/x86_64-apple-darwin16/:/opt/local/lib/gcc49/gcc/x86_64-apple-darwin16/4.9.4/:/opt/local/lib/gcc49/gcc/x86_64-apple-darwin16/
LIBRARY_PATH=/opt/local/lib/gcc49/gcc/x86_64-apple-darwin16/4.9.4/:/opt/local/lib/gcc49/gcc/x86_64-apple-darwin16/4.9.4/../../../:/usr/lib/
COLLECT_GCC_OPTIONS='-mmacosx-version-min=10.12.7' '-v' '-o' 'cmTC_9f2e8' '-shared-libgcc' '-mtune=core2'
 /opt/local/libexec/gcc/x86_64-apple-darwin16/4.9.4/collect2 -dynamic -arch x86_64 -macosx_version_min 10.12.7 -weak_reference_mismatches non-weak -o cmTC_9f2e8 -L/opt/local/lib/gcc49/gcc/x86_64-apple-darwin16/4.9.4 -L/opt/local/lib/gcc49/gcc/x86_64-apple-darwin16/4.9.4/../../.. -v CMakeFiles/cmTC_9f2e8.dir/CMakeFortranCompilerABI.F.o -lgfortran -no_compact_unwind -lSystem -lgcc_ext.10.5 -lgcc -lquadmath -lm -lgcc_ext.10.5 -lgcc -lSystem -v
collect2 version 4.9.4
/opt/local/bin/ld -dynamic -arch x86_64 -macosx_version_min 10.12.7 -weak_reference_mismatches non-weak -o cmTC_9f2e8 -L/opt/local/lib/gcc49/gcc/x86_64-apple-darwin16/4.9.4 -L/opt/local/lib/gcc49/gcc/x86_64-apple-darwin16/4.9.4/../../.. -v CMakeFiles/cmTC_9f2e8.dir/CMakeFortranCompilerABI.F.o -lgfortran -no_compact_unwind -lSystem -lgcc_ext.10.5 -lgcc -lquadmath -lm -lgcc_ext.10.5 -lgcc -lSystem -v
@(#)PROGRAM:ld  PROJECT:ld64-264.3.102
configured to support archs: i386 x86_64 x86_64h armv6 armv7 armv7s armv7m armv7k arm64 (tvOS)
@(#)PROGRAM:ld  PROJECT:ld64-264.3.102
configured to support archs: i386 x86_64 x86_64h armv6 armv7 armv7s armv7m armv7k arm64 (tvOS)
Library search paths:
	/opt/local/lib/gcc49/gcc/x86_64-apple-darwin16/4.9.4
	/opt/local/lib/gcc49
	/usr/lib
	/usr/local/lib
Framework search paths:
	/Library/Frameworks/
	/System/Library/Frameworks/
 /opt/local/bin/nm -n CMakeFiles/cmTC_9f2e8.dir/CMakeFortranCompilerABI.F.o


Parsed Fortran implicit link information from above output:
  link line regex: [^( *|.*[/\])(ld|([^/\]+-)?ld|collect2)[^/\]*( |$)]
  ignore line: [Change Dir: /u/rbentley/python/efit5-build/CMakeFiles/CMakeTmp]
  ignore line: []
  ignore line: [Run Build Command:"/usr/bin/make" "cmTC_9f2e8/fast"]
  ignore line: [/Applications/Xcode.app/Contents/Developer/usr/bin/make -f CMakeFiles/cmTC_9f2e8.dir/build.make CMakeFiles/cmTC_9f2e8.dir/build]
  ignore line: [Building Fortran object CMakeFiles/cmTC_9f2e8.dir/CMakeFortranCompilerABI.F.o]
  ignore line: [/opt/local/bin/gfortran     -c /opt/local/share/cmake-3.7/Modules/CMakeFortranCompilerABI.F -o CMakeFiles/cmTC_9f2e8.dir/CMakeFortranCompilerABI.F.o]
  ignore line: [Linking Fortran executable cmTC_9f2e8]
  ignore line: [/opt/local/bin/cmake -E cmake_link_script CMakeFiles/cmTC_9f2e8.dir/link.txt --verbose=1]
  ignore line: [/opt/local/bin/gfortran    -v -Wl,-v   CMakeFiles/cmTC_9f2e8.dir/CMakeFortranCompilerABI.F.o  -o cmTC_9f2e8   ]
  ignore line: [Driving: /opt/local/bin/gfortran -mmacosx-version-min=10.12.7 -v -Wl,-v CMakeFiles/cmTC_9f2e8.dir/CMakeFortranCompilerABI.F.o -o cmTC_9f2e8 -l gfortran -shared-libgcc]
  ignore line: [Using built-in specs.]
  ignore line: [COLLECT_GCC=/opt/local/bin/gfortran]
  ignore line: [COLLECT_LTO_WRAPPER=/opt/local/libexec/gcc/x86_64-apple-darwin16/4.9.4/lto-wrapper]
  ignore line: [Target: x86_64-apple-darwin16]
  ignore line: [Configured with: /opt/local/var/macports/build/_opt_bblocal_var_buildworker_ports_build_ports_lang_gcc49/gcc49/work/gcc-4.9.4/configure --prefix=/opt/local --build=x86_64-apple-darwin16 --enable-languages=c,c++,objc,obj-c++,lto,fortran,java --libdir=/opt/local/lib/gcc49 --includedir=/opt/local/include/gcc49 --infodir=/opt/local/share/info --mandir=/opt/local/share/man --datarootdir=/opt/local/share/gcc-4.9 --with-local-prefix=/opt/local --with-system-zlib --disable-nls --program-suffix=-mp-4.9 --with-gxx-include-dir=/opt/local/include/gcc49/c++/ --with-gmp=/opt/local --with-mpfr=/opt/local --with-mpc=/opt/local --with-isl=/opt/local --disable-isl-version-check --with-cloog=/opt/local --disable-cloog-version-check --enable-stage1-checking --disable-multilib --enable-lto --enable-libstdcxx-time --with-build-config=bootstrap-debug --with-as=/opt/local/bin/as --with-ld=/opt/local/bin/ld --with-ar=/opt/local/bin/ar --with-bugurl=https://trac.macports.org/newticket --with-pkgversion='MacPorts gcc49 4.9.4_0' --with-build-config=bootstrap-debug]
  ignore line: [Thread model: posix]
  ignore line: [gcc version 4.9.4 (MacPorts gcc49 4.9.4_0) ]
  ignore line: [Reading specs from /opt/local/lib/gcc49/gcc/x86_64-apple-darwin16/4.9.4/../../../libgfortran.spec]
  ignore line: [rename spec lib to liborig]
  ignore line: [COLLECT_GCC_OPTIONS='-mmacosx-version-min=10.12.7' '-v' '-o' 'cmTC_9f2e8' '-shared-libgcc' '-mtune=core2']
  ignore line: [COMPILER_PATH=/opt/local/libexec/gcc/x86_64-apple-darwin16/4.9.4/:/opt/local/libexec/gcc/x86_64-apple-darwin16/4.9.4/:/opt/local/libexec/gcc/x86_64-apple-darwin16/:/opt/local/lib/gcc49/gcc/x86_64-apple-darwin16/4.9.4/:/opt/local/lib/gcc49/gcc/x86_64-apple-darwin16/]
  ignore line: [LIBRARY_PATH=/opt/local/lib/gcc49/gcc/x86_64-apple-darwin16/4.9.4/:/opt/local/lib/gcc49/gcc/x86_64-apple-darwin16/4.9.4/../../../:/usr/lib/]
  ignore line: [COLLECT_GCC_OPTIONS='-mmacosx-version-min=10.12.7' '-v' '-o' 'cmTC_9f2e8' '-shared-libgcc' '-mtune=core2']
  link line: [ /opt/local/libexec/gcc/x86_64-apple-darwin16/4.9.4/collect2 -dynamic -arch x86_64 -macosx_version_min 10.12.7 -weak_reference_mismatches non-weak -o cmTC_9f2e8 -L/opt/local/lib/gcc49/gcc/x86_64-apple-darwin16/4.9.4 -L/opt/local/lib/gcc49/gcc/x86_64-apple-darwin16/4.9.4/../../.. -v CMakeFiles/cmTC_9f2e8.dir/CMakeFortranCompilerABI.F.o -lgfortran -no_compact_unwind -lSystem -lgcc_ext.10.5 -lgcc -lquadmath -lm -lgcc_ext.10.5 -lgcc -lSystem -v]
    arg [/opt/local/libexec/gcc/x86_64-apple-darwin16/4.9.4/collect2] ==> ignore
    arg [-dynamic] ==> ignore
    arg [-arch] ==> ignore
    arg [x86_64] ==> ignore
    arg [-macosx_version_min] ==> ignore
    arg [10.12.7] ==> ignore
    arg [-weak_reference_mismatches] ==> ignore
    arg [non-weak] ==> ignore
    arg [-o] ==> ignore
    arg [cmTC_9f2e8] ==> ignore
    arg [-L/opt/local/lib/gcc49/gcc/x86_64-apple-darwin16/4.9.4] ==> dir [/opt/local/lib/gcc49/gcc/x86_64-apple-darwin16/4.9.4]
    arg [-L/opt/local/lib/gcc49/gcc/x86_64-apple-darwin16/4.9.4/../../..] ==> dir [/opt/local/lib/gcc49/gcc/x86_64-apple-darwin16/4.9.4/../../..]
    arg [-v] ==> ignore
    arg [CMakeFiles/cmTC_9f2e8.dir/CMakeFortranCompilerABI.F.o] ==> ignore
    arg [-lgfortran] ==> lib [gfortran]
    arg [-no_compact_unwind] ==> ignore
    arg [-lSystem] ==> lib [System]
    arg [-lgcc_ext.10.5] ==> lib [gcc_ext.10.5]
    arg [-lgcc] ==> lib [gcc]
    arg [-lquadmath] ==> lib [quadmath]
    arg [-lm] ==> lib [m]
    arg [-lgcc_ext.10.5] ==> lib [gcc_ext.10.5]
    arg [-lgcc] ==> lib [gcc]
    arg [-lSystem] ==> lib [System]
    arg [-v] ==> ignore
  Library search paths: [;/opt/local/lib/gcc49/gcc/x86_64-apple-darwin16/4.9.4;/opt/local/lib/gcc49;/usr/lib;/usr/local/lib]
  Framework search paths: [;/Library/Frameworks/;/System/Library/Frameworks/]
  remove lib [System]
  remove lib [gcc_ext.10.5]
  remove lib [gcc]
  remove lib [gcc_ext.10.5]
  remove lib [gcc]
  remove lib [System]
  collapse library dir [/opt/local/lib/gcc49/gcc/x86_64-apple-darwin16/4.9.4] ==> [/opt/local/lib/gcc49/gcc/x86_64-apple-darwin16/4.9.4]
  collapse library dir [/opt/local/lib/gcc49/gcc/x86_64-apple-darwin16/4.9.4/../../..] ==> [/opt/local/lib/gcc49]
  collapse library dir [/opt/local/lib/gcc49/gcc/x86_64-apple-darwin16/4.9.4] ==> [/opt/local/lib/gcc49/gcc/x86_64-apple-darwin16/4.9.4]
  collapse library dir [/opt/local/lib/gcc49] ==> [/opt/local/lib/gcc49]
  collapse library dir [/usr/lib] ==> [/usr/lib]
  collapse library dir [/usr/local/lib] ==> [/usr/local/lib]
  collapse framework dir [/Library/Frameworks/] ==> [/Library/Frameworks]
  collapse framework dir [/System/Library/Frameworks/] ==> [/System/Library/Frameworks]
  implicit libs: [gfortran;quadmath;m]
  implicit dirs: [/opt/local/lib/gcc49/gcc/x86_64-apple-darwin16/4.9.4;/opt/local/lib/gcc49;/usr/lib;/usr/local/lib]
  implicit fwks: [/Library/Frameworks;/System/Library/Frameworks]


Determining if the Fortran compiler supports Fortran 90 passed with the following output:
Change Dir: /u/rbentley/python/efit5-build/CMakeFiles/CMakeTmp

Run Build Command:"/usr/bin/make" "cmTC_f081a/fast"
/Applications/Xcode.app/Contents/Developer/usr/bin/make -f CMakeFiles/cmTC_f081a.dir/build.make CMakeFiles/cmTC_f081a.dir/build
Building Fortran object CMakeFiles/cmTC_f081a.dir/testFortranCompilerF90.f90.o
/opt/local/bin/gfortran     -c /u/rbentley/python/efit5-build/CMakeFiles/CMakeTmp/testFortranCompilerF90.f90 -o CMakeFiles/cmTC_f081a.dir/testFortranCompilerF90.f90.o
Linking Fortran executable cmTC_f081a
/opt/local/bin/cmake -E cmake_link_script CMakeFiles/cmTC_f081a.dir/link.txt --verbose=1
/opt/local/bin/gfortran       CMakeFiles/cmTC_f081a.dir/testFortranCompilerF90.f90.o  -o cmTC_f081a  


Determining if the C compiler works passed with the following output:
Change Dir: /u/rbentley/python/efit5-build/CMakeFiles/CMakeTmp

Run Build Command:"/usr/bin/make" "cmTC_e3303/fast"
/Applications/Xcode.app/Contents/Developer/usr/bin/make -f CMakeFiles/cmTC_e3303.dir/build.make CMakeFiles/cmTC_e3303.dir/build
Building C object CMakeFiles/cmTC_e3303.dir/testCCompiler.c.o
/opt/local/bin/gcc     -o CMakeFiles/cmTC_e3303.dir/testCCompiler.c.o   -c /u/rbentley/python/efit5-build/CMakeFiles/CMakeTmp/testCCompiler.c
Linking C executable cmTC_e3303
/opt/local/bin/cmake -E cmake_link_script CMakeFiles/cmTC_e3303.dir/link.txt --verbose=1
/opt/local/bin/gcc    -Wl,-search_paths_first -Wl,-headerpad_max_install_names   CMakeFiles/cmTC_e3303.dir/testCCompiler.c.o  -o cmTC_e3303  


Detecting C compiler ABI info compiled with the following output:
Change Dir: /u/rbentley/python/efit5-build/CMakeFiles/CMakeTmp

Run Build Command:"/usr/bin/make" "cmTC_f2959/fast"
/Applications/Xcode.app/Contents/Developer/usr/bin/make -f CMakeFiles/cmTC_f2959.dir/build.make CMakeFiles/cmTC_f2959.dir/build
Building C object CMakeFiles/cmTC_f2959.dir/CMakeCCompilerABI.c.o
/opt/local/bin/gcc     -o CMakeFiles/cmTC_f2959.dir/CMakeCCompilerABI.c.o   -c /opt/local/share/cmake-3.7/Modules/CMakeCCompilerABI.c
Linking C executable cmTC_f2959
/opt/local/bin/cmake -E cmake_link_script CMakeFiles/cmTC_f2959.dir/link.txt --verbose=1
/opt/local/bin/gcc    -Wl,-search_paths_first -Wl,-headerpad_max_install_names  -v -Wl,-v CMakeFiles/cmTC_f2959.dir/CMakeCCompilerABI.c.o  -o cmTC_f2959   
Using built-in specs.
COLLECT_GCC=/opt/local/bin/gcc
COLLECT_LTO_WRAPPER=/opt/local/libexec/gcc/x86_64-apple-darwin16/4.9.4/lto-wrapper
Target: x86_64-apple-darwin16
Configured with: /opt/local/var/macports/build/_opt_bblocal_var_buildworker_ports_build_ports_lang_gcc49/gcc49/work/gcc-4.9.4/configure --prefix=/opt/local --build=x86_64-apple-darwin16 --enable-languages=c,c++,objc,obj-c++,lto,fortran,java --libdir=/opt/local/lib/gcc49 --includedir=/opt/local/include/gcc49 --infodir=/opt/local/share/info --mandir=/opt/local/share/man --datarootdir=/opt/local/share/gcc-4.9 --with-local-prefix=/opt/local --with-system-zlib --disable-nls --program-suffix=-mp-4.9 --with-gxx-include-dir=/opt/local/include/gcc49/c++/ --with-gmp=/opt/local --with-mpfr=/opt/local --with-mpc=/opt/local --with-isl=/opt/local --disable-isl-version-check --with-cloog=/opt/local --disable-cloog-version-check --enable-stage1-checking --disable-multilib --enable-lto --enable-libstdcxx-time --with-build-config=bootstrap-debug --with-as=/opt/local/bin/as --with-ld=/opt/local/bin/ld --with-ar=/opt/local/bin/ar --with-bugurl=https://trac.macports.org/newticket --with-pkgversion='MacPorts gcc49 4.9.4_0' --with-build-config=bootstrap-debug
Thread model: posix
gcc version 4.9.4 (MacPorts gcc49 4.9.4_0) 
COMPILER_PATH=/opt/local/libexec/gcc/x86_64-apple-darwin16/4.9.4/:/opt/local/libexec/gcc/x86_64-apple-darwin16/4.9.4/:/opt/local/libexec/gcc/x86_64-apple-darwin16/:/opt/local/lib/gcc49/gcc/x86_64-apple-darwin16/4.9.4/:/opt/local/lib/gcc49/gcc/x86_64-apple-darwin16/
LIBRARY_PATH=/opt/local/lib/gcc49/gcc/x86_64-apple-darwin16/4.9.4/:/opt/local/lib/gcc49/gcc/x86_64-apple-darwin16/4.9.4/../../../:/usr/lib/
COLLECT_GCC_OPTIONS='-mmacosx-version-min=10.12.7' '-v' '-o' 'cmTC_f2959' '-mtune=core2'
 /opt/local/libexec/gcc/x86_64-apple-darwin16/4.9.4/collect2 -dynamic -arch x86_64 -macosx_version_min 10.12.7 -weak_reference_mismatches non-weak -o cmTC_f2959 -L/opt/local/lib/gcc49/gcc/x86_64-apple-darwin16/4.9.4 -L/opt/local/lib/gcc49/gcc/x86_64-apple-darwin16/4.9.4/../../.. -search_paths_first -headerpad_max_install_names -v CMakeFiles/cmTC_f2959.dir/CMakeCCompilerABI.c.o -no_compact_unwind -lSystem -lgcc_ext.10.5 -lgcc -lSystem -v
collect2 version 4.9.4
/opt/local/bin/ld -dynamic -arch x86_64 -macosx_version_min 10.12.7 -weak_reference_mismatches non-weak -o cmTC_f2959 -L/opt/local/lib/gcc49/gcc/x86_64-apple-darwin16/4.9.4 -L/opt/local/lib/gcc49/gcc/x86_64-apple-darwin16/4.9.4/../../.. -search_paths_first -headerpad_max_install_names -v CMakeFiles/cmTC_f2959.dir/CMakeCCompilerABI.c.o -no_compact_unwind -lSystem -lgcc_ext.10.5 -lgcc -lSystem -v
@(#)PROGRAM:ld  PROJECT:ld64-264.3.102
configured to support archs: i386 x86_64 x86_64h armv6 armv7 armv7s armv7m armv7k arm64 (tvOS)
@(#)PROGRAM:ld  PROJECT:ld64-264.3.102
configured to support archs: i386 x86_64 x86_64h armv6 armv7 armv7s armv7m armv7k arm64 (tvOS)
Library search paths:
	/opt/local/lib/gcc49/gcc/x86_64-apple-darwin16/4.9.4
	/opt/local/lib/gcc49
	/usr/lib
	/usr/local/lib
Framework search paths:
	/Library/Frameworks/
	/System/Library/Frameworks/
 /opt/local/bin/nm -n CMakeFiles/cmTC_f2959.dir/CMakeCCompilerABI.c.o


Parsed C implicit link information from above output:
  link line regex: [^( *|.*[/\])(ld|([^/\]+-)?ld|collect2)[^/\]*( |$)]
  ignore line: [Change Dir: /u/rbentley/python/efit5-build/CMakeFiles/CMakeTmp]
  ignore line: []
  ignore line: [Run Build Command:"/usr/bin/make" "cmTC_f2959/fast"]
  ignore line: [/Applications/Xcode.app/Contents/Developer/usr/bin/make -f CMakeFiles/cmTC_f2959.dir/build.make CMakeFiles/cmTC_f2959.dir/build]
  ignore line: [Building C object CMakeFiles/cmTC_f2959.dir/CMakeCCompilerABI.c.o]
  ignore line: [/opt/local/bin/gcc     -o CMakeFiles/cmTC_f2959.dir/CMakeCCompilerABI.c.o   -c /opt/local/share/cmake-3.7/Modules/CMakeCCompilerABI.c]
  ignore line: [Linking C executable cmTC_f2959]
  ignore line: [/opt/local/bin/cmake -E cmake_link_script CMakeFiles/cmTC_f2959.dir/link.txt --verbose=1]
  ignore line: [/opt/local/bin/gcc    -Wl,-search_paths_first -Wl,-headerpad_max_install_names  -v -Wl,-v CMakeFiles/cmTC_f2959.dir/CMakeCCompilerABI.c.o  -o cmTC_f2959   ]
  ignore line: [Using built-in specs.]
  ignore line: [COLLECT_GCC=/opt/local/bin/gcc]
  ignore line: [COLLECT_LTO_WRAPPER=/opt/local/libexec/gcc/x86_64-apple-darwin16/4.9.4/lto-wrapper]
  ignore line: [Target: x86_64-apple-darwin16]
  ignore line: [Configured with: /opt/local/var/macports/build/_opt_bblocal_var_buildworker_ports_build_ports_lang_gcc49/gcc49/work/gcc-4.9.4/configure --prefix=/opt/local --build=x86_64-apple-darwin16 --enable-languages=c,c++,objc,obj-c++,lto,fortran,java --libdir=/opt/local/lib/gcc49 --includedir=/opt/local/include/gcc49 --infodir=/opt/local/share/info --mandir=/opt/local/share/man --datarootdir=/opt/local/share/gcc-4.9 --with-local-prefix=/opt/local --with-system-zlib --disable-nls --program-suffix=-mp-4.9 --with-gxx-include-dir=/opt/local/include/gcc49/c++/ --with-gmp=/opt/local --with-mpfr=/opt/local --with-mpc=/opt/local --with-isl=/opt/local --disable-isl-version-check --with-cloog=/opt/local --disable-cloog-version-check --enable-stage1-checking --disable-multilib --enable-lto --enable-libstdcxx-time --with-build-config=bootstrap-debug --with-as=/opt/local/bin/as --with-ld=/opt/local/bin/ld --with-ar=/opt/local/bin/ar --with-bugurl=https://trac.macports.org/newticket --with-pkgversion='MacPorts gcc49 4.9.4_0' --with-build-config=bootstrap-debug]
  ignore line: [Thread model: posix]
  ignore line: [gcc version 4.9.4 (MacPorts gcc49 4.9.4_0) ]
  ignore line: [COMPILER_PATH=/opt/local/libexec/gcc/x86_64-apple-darwin16/4.9.4/:/opt/local/libexec/gcc/x86_64-apple-darwin16/4.9.4/:/opt/local/libexec/gcc/x86_64-apple-darwin16/:/opt/local/lib/gcc49/gcc/x86_64-apple-darwin16/4.9.4/:/opt/local/lib/gcc49/gcc/x86_64-apple-darwin16/]
  ignore line: [LIBRARY_PATH=/opt/local/lib/gcc49/gcc/x86_64-apple-darwin16/4.9.4/:/opt/local/lib/gcc49/gcc/x86_64-apple-darwin16/4.9.4/../../../:/usr/lib/]
  ignore line: [COLLECT_GCC_OPTIONS='-mmacosx-version-min=10.12.7' '-v' '-o' 'cmTC_f2959' '-mtune=core2']
  link line: [ /opt/local/libexec/gcc/x86_64-apple-darwin16/4.9.4/collect2 -dynamic -arch x86_64 -macosx_version_min 10.12.7 -weak_reference_mismatches non-weak -o cmTC_f2959 -L/opt/local/lib/gcc49/gcc/x86_64-apple-darwin16/4.9.4 -L/opt/local/lib/gcc49/gcc/x86_64-apple-darwin16/4.9.4/../../.. -search_paths_first -headerpad_max_install_names -v CMakeFiles/cmTC_f2959.dir/CMakeCCompilerABI.c.o -no_compact_unwind -lSystem -lgcc_ext.10.5 -lgcc -lSystem -v]
    arg [/opt/local/libexec/gcc/x86_64-apple-darwin16/4.9.4/collect2] ==> ignore
    arg [-dynamic] ==> ignore
    arg [-arch] ==> ignore
    arg [x86_64] ==> ignore
    arg [-macosx_version_min] ==> ignore
    arg [10.12.7] ==> ignore
    arg [-weak_reference_mismatches] ==> ignore
    arg [non-weak] ==> ignore
    arg [-o] ==> ignore
    arg [cmTC_f2959] ==> ignore
    arg [-L/opt/local/lib/gcc49/gcc/x86_64-apple-darwin16/4.9.4] ==> dir [/opt/local/lib/gcc49/gcc/x86_64-apple-darwin16/4.9.4]
    arg [-L/opt/local/lib/gcc49/gcc/x86_64-apple-darwin16/4.9.4/../../..] ==> dir [/opt/local/lib/gcc49/gcc/x86_64-apple-darwin16/4.9.4/../../..]
    arg [-search_paths_first] ==> ignore
    arg [-headerpad_max_install_names] ==> ignore
    arg [-v] ==> ignore
    arg [CMakeFiles/cmTC_f2959.dir/CMakeCCompilerABI.c.o] ==> ignore
    arg [-no_compact_unwind] ==> ignore
    arg [-lSystem] ==> lib [System]
    arg [-lgcc_ext.10.5] ==> lib [gcc_ext.10.5]
    arg [-lgcc] ==> lib [gcc]
    arg [-lSystem] ==> lib [System]
    arg [-v] ==> ignore
  Library search paths: [;/opt/local/lib/gcc49/gcc/x86_64-apple-darwin16/4.9.4;/opt/local/lib/gcc49;/usr/lib;/usr/local/lib]
  Framework search paths: [;/Library/Frameworks/;/System/Library/Frameworks/]
  remove lib [System]
  remove lib [gcc_ext.10.5]
  remove lib [gcc]
  remove lib [System]
  collapse library dir [/opt/local/lib/gcc49/gcc/x86_64-apple-darwin16/4.9.4] ==> [/opt/local/lib/gcc49/gcc/x86_64-apple-darwin16/4.9.4]
  collapse library dir [/opt/local/lib/gcc49/gcc/x86_64-apple-darwin16/4.9.4/../../..] ==> [/opt/local/lib/gcc49]
  collapse library dir [/opt/local/lib/gcc49/gcc/x86_64-apple-darwin16/4.9.4] ==> [/opt/local/lib/gcc49/gcc/x86_64-apple-darwin16/4.9.4]
  collapse library dir [/opt/local/lib/gcc49] ==> [/opt/local/lib/gcc49]
  collapse library dir [/usr/lib] ==> [/usr/lib]
  collapse library dir [/usr/local/lib] ==> [/usr/local/lib]
  collapse framework dir [/Library/Frameworks/] ==> [/Library/Frameworks]
  collapse framework dir [/System/Library/Frameworks/] ==> [/System/Library/Frameworks]
  implicit libs: []
  implicit dirs: [/opt/local/lib/gcc49/gcc/x86_64-apple-darwin16/4.9.4;/opt/local/lib/gcc49;/usr/lib;/usr/local/lib]
  implicit fwks: [/Library/Frameworks;/System/Library/Frameworks]




Detecting C [-std=c11] compiler features compiled with the following output:
Change Dir: /u/rbentley/python/efit5-build/CMakeFiles/CMakeTmp

Run Build Command:"/usr/bin/make" "cmTC_ca417/fast"
/Applications/Xcode.app/Contents/Developer/usr/bin/make -f CMakeFiles/cmTC_ca417.dir/build.make CMakeFiles/cmTC_ca417.dir/build
Building C object CMakeFiles/cmTC_ca417.dir/feature_tests.c.o
/opt/local/bin/gcc    -std=c11 -o CMakeFiles/cmTC_ca417.dir/feature_tests.c.o   -c /u/rbentley/python/efit5-build/CMakeFiles/feature_tests.c
Linking C executable cmTC_ca417
/opt/local/bin/cmake -E cmake_link_script CMakeFiles/cmTC_ca417.dir/link.txt --verbose=1
/opt/local/bin/gcc    -Wl,-search_paths_first -Wl,-headerpad_max_install_names   CMakeFiles/cmTC_ca417.dir/feature_tests.c.o  -o cmTC_ca417  


    Feature record: C_FEATURE:1c_function_prototypes
    Feature record: C_FEATURE:1c_restrict
    Feature record: C_FEATURE:1c_static_assert
    Feature record: C_FEATURE:1c_variadic_macros


Detecting C [-std=c99] compiler features compiled with the following output:
Change Dir: /u/rbentley/python/efit5-build/CMakeFiles/CMakeTmp

Run Build Command:"/usr/bin/make" "cmTC_135bb/fast"
/Applications/Xcode.app/Contents/Developer/usr/bin/make -f CMakeFiles/cmTC_135bb.dir/build.make CMakeFiles/cmTC_135bb.dir/build
Building C object CMakeFiles/cmTC_135bb.dir/feature_tests.c.o
/opt/local/bin/gcc    -std=c99 -o CMakeFiles/cmTC_135bb.dir/feature_tests.c.o   -c /u/rbentley/python/efit5-build/CMakeFiles/feature_tests.c
Linking C executable cmTC_135bb
/opt/local/bin/cmake -E cmake_link_script CMakeFiles/cmTC_135bb.dir/link.txt --verbose=1
/opt/local/bin/gcc    -Wl,-search_paths_first -Wl,-headerpad_max_install_names   CMakeFiles/cmTC_135bb.dir/feature_tests.c.o  -o cmTC_135bb  


    Feature record: C_FEATURE:1c_function_prototypes
    Feature record: C_FEATURE:1c_restrict
    Feature record: C_FEATURE:0c_static_assert
    Feature record: C_FEATURE:1c_variadic_macros


Detecting C [-std=c90] compiler features compiled with the following output:
Change Dir: /u/rbentley/python/efit5-build/CMakeFiles/CMakeTmp

Run Build Command:"/usr/bin/make" "cmTC_46001/fast"
/Applications/Xcode.app/Contents/Developer/usr/bin/make -f CMakeFiles/cmTC_46001.dir/build.make CMakeFiles/cmTC_46001.dir/build
Building C object CMakeFiles/cmTC_46001.dir/feature_tests.c.o
/opt/local/bin/gcc    -std=c90 -o CMakeFiles/cmTC_46001.dir/feature_tests.c.o   -c /u/rbentley/python/efit5-build/CMakeFiles/feature_tests.c
Linking C executable cmTC_46001
/opt/local/bin/cmake -E cmake_link_script CMakeFiles/cmTC_46001.dir/link.txt --verbose=1
/opt/local/bin/gcc    -Wl,-search_paths_first -Wl,-headerpad_max_install_names   CMakeFiles/cmTC_46001.dir/feature_tests.c.o  -o cmTC_46001  


    Feature record: C_FEATURE:1c_function_prototypes
    Feature record: C_FEATURE:0c_restrict
    Feature record: C_FEATURE:0c_static_assert
    Feature record: C_FEATURE:0c_variadic_macros
Determining if the CXX compiler works passed with the following output:
Change Dir: /u/rbentley/python/efit5-build/CMakeFiles/CMakeTmp

Run Build Command:"/usr/bin/make" "cmTC_893cf/fast"
/Applications/Xcode.app/Contents/Developer/usr/bin/make -f CMakeFiles/cmTC_893cf.dir/build.make CMakeFiles/cmTC_893cf.dir/build
Building CXX object CMakeFiles/cmTC_893cf.dir/testCXXCompiler.cxx.o
/opt/local/bin/c++      -o CMakeFiles/cmTC_893cf.dir/testCXXCompiler.cxx.o -c /u/rbentley/python/efit5-build/CMakeFiles/CMakeTmp/testCXXCompiler.cxx
Linking CXX executable cmTC_893cf
/opt/local/bin/cmake -E cmake_link_script CMakeFiles/cmTC_893cf.dir/link.txt --verbose=1
/opt/local/bin/c++     -Wl,-search_paths_first -Wl,-headerpad_max_install_names   CMakeFiles/cmTC_893cf.dir/testCXXCompiler.cxx.o  -o cmTC_893cf  


Detecting CXX compiler ABI info compiled with the following output:
Change Dir: /u/rbentley/python/efit5-build/CMakeFiles/CMakeTmp

Run Build Command:"/usr/bin/make" "cmTC_e23e8/fast"
/Applications/Xcode.app/Contents/Developer/usr/bin/make -f CMakeFiles/cmTC_e23e8.dir/build.make CMakeFiles/cmTC_e23e8.dir/build
Building CXX object CMakeFiles/cmTC_e23e8.dir/CMakeCXXCompilerABI.cpp.o
/opt/local/bin/c++      -o CMakeFiles/cmTC_e23e8.dir/CMakeCXXCompilerABI.cpp.o -c /opt/local/share/cmake-3.7/Modules/CMakeCXXCompilerABI.cpp
Linking CXX executable cmTC_e23e8
/opt/local/bin/cmake -E cmake_link_script CMakeFiles/cmTC_e23e8.dir/link.txt --verbose=1
/opt/local/bin/c++     -Wl,-search_paths_first -Wl,-headerpad_max_install_names  -v -Wl,-v CMakeFiles/cmTC_e23e8.dir/CMakeCXXCompilerABI.cpp.o  -o cmTC_e23e8   
Using built-in specs.
COLLECT_GCC=/opt/local/bin/c++
COLLECT_LTO_WRAPPER=/opt/local/libexec/gcc/x86_64-apple-darwin16/4.9.4/lto-wrapper
Target: x86_64-apple-darwin16
Configured with: /opt/local/var/macports/build/_opt_bblocal_var_buildworker_ports_build_ports_lang_gcc49/gcc49/work/gcc-4.9.4/configure --prefix=/opt/local --build=x86_64-apple-darwin16 --enable-languages=c,c++,objc,obj-c++,lto,fortran,java --libdir=/opt/local/lib/gcc49 --includedir=/opt/local/include/gcc49 --infodir=/opt/local/share/info --mandir=/opt/local/share/man --datarootdir=/opt/local/share/gcc-4.9 --with-local-prefix=/opt/local --with-system-zlib --disable-nls --program-suffix=-mp-4.9 --with-gxx-include-dir=/opt/local/include/gcc49/c++/ --with-gmp=/opt/local --with-mpfr=/opt/local --with-mpc=/opt/local --with-isl=/opt/local --disable-isl-version-check --with-cloog=/opt/local --disable-cloog-version-check --enable-stage1-checking --disable-multilib --enable-lto --enable-libstdcxx-time --with-build-config=bootstrap-debug --with-as=/opt/local/bin/as --with-ld=/opt/local/bin/ld --with-ar=/opt/local/bin/ar --with-bugurl=https://trac.macports.org/newticket --with-pkgversion='MacPorts gcc49 4.9.4_0' --with-build-config=bootstrap-debug
Thread model: posix
gcc version 4.9.4 (MacPorts gcc49 4.9.4_0) 
COMPILER_PATH=/opt/local/libexec/gcc/x86_64-apple-darwin16/4.9.4/:/opt/local/libexec/gcc/x86_64-apple-darwin16/4.9.4/:/opt/local/libexec/gcc/x86_64-apple-darwin16/:/opt/local/lib/gcc49/gcc/x86_64-apple-darwin16/4.9.4/:/opt/local/lib/gcc49/gcc/x86_64-apple-darwin16/
LIBRARY_PATH=/opt/local/lib/gcc49/gcc/x86_64-apple-darwin16/4.9.4/:/opt/local/lib/gcc49/gcc/x86_64-apple-darwin16/4.9.4/../../../:/usr/lib/
COLLECT_GCC_OPTIONS='-mmacosx-version-min=10.12.7' '-v' '-o' 'cmTC_e23e8' '-shared-libgcc' '-mtune=core2'
 /opt/local/libexec/gcc/x86_64-apple-darwin16/4.9.4/collect2 -dynamic -arch x86_64 -macosx_version_min 10.12.7 -weak_reference_mismatches non-weak -o cmTC_e23e8 -L/opt/local/lib/gcc49/gcc/x86_64-apple-darwin16/4.9.4 -L/opt/local/lib/gcc49/gcc/x86_64-apple-darwin16/4.9.4/../../.. -search_paths_first -headerpad_max_install_names -v CMakeFiles/cmTC_e23e8.dir/CMakeCXXCompilerABI.cpp.o -lstdc++ -no_compact_unwind -lSystem -lgcc_ext.10.5 -lgcc -lSystem -v
collect2 version 4.9.4
/opt/local/bin/ld -dynamic -arch x86_64 -macosx_version_min 10.12.7 -weak_reference_mismatches non-weak -o cmTC_e23e8 -L/opt/local/lib/gcc49/gcc/x86_64-apple-darwin16/4.9.4 -L/opt/local/lib/gcc49/gcc/x86_64-apple-darwin16/4.9.4/../../.. -search_paths_first -headerpad_max_install_names -v CMakeFiles/cmTC_e23e8.dir/CMakeCXXCompilerABI.cpp.o -lstdc++ -no_compact_unwind -lSystem -lgcc_ext.10.5 -lgcc -lSystem -v
@(#)PROGRAM:ld  PROJECT:ld64-264.3.102
configured to support archs: i386 x86_64 x86_64h armv6 armv7 armv7s armv7m armv7k arm64 (tvOS)
@(#)PROGRAM:ld  PROJECT:ld64-264.3.102
configured to support archs: i386 x86_64 x86_64h armv6 armv7 armv7s armv7m armv7k arm64 (tvOS)
Library search paths:
	/opt/local/lib/gcc49/gcc/x86_64-apple-darwin16/4.9.4
	/opt/local/lib/gcc49
	/usr/lib
	/usr/local/lib
Framework search paths:
	/Library/Frameworks/
	/System/Library/Frameworks/
 /opt/local/bin/nm -n CMakeFiles/cmTC_e23e8.dir/CMakeCXXCompilerABI.cpp.o


Parsed CXX implicit link information from above output:
  link line regex: [^( *|.*[/\])(ld|([^/\]+-)?ld|collect2)[^/\]*( |$)]
  ignore line: [Change Dir: /u/rbentley/python/efit5-build/CMakeFiles/CMakeTmp]
  ignore line: []
  ignore line: [Run Build Command:"/usr/bin/make" "cmTC_e23e8/fast"]
  ignore line: [/Applications/Xcode.app/Contents/Developer/usr/bin/make -f CMakeFiles/cmTC_e23e8.dir/build.make CMakeFiles/cmTC_e23e8.dir/build]
  ignore line: [Building CXX object CMakeFiles/cmTC_e23e8.dir/CMakeCXXCompilerABI.cpp.o]
  ignore line: [/opt/local/bin/c++      -o CMakeFiles/cmTC_e23e8.dir/CMakeCXXCompilerABI.cpp.o -c /opt/local/share/cmake-3.7/Modules/CMakeCXXCompilerABI.cpp]
  ignore line: [Linking CXX executable cmTC_e23e8]
  ignore line: [/opt/local/bin/cmake -E cmake_link_script CMakeFiles/cmTC_e23e8.dir/link.txt --verbose=1]
  ignore line: [/opt/local/bin/c++     -Wl,-search_paths_first -Wl,-headerpad_max_install_names  -v -Wl,-v CMakeFiles/cmTC_e23e8.dir/CMakeCXXCompilerABI.cpp.o  -o cmTC_e23e8   ]
  ignore line: [Using built-in specs.]
  ignore line: [COLLECT_GCC=/opt/local/bin/c++]
  ignore line: [COLLECT_LTO_WRAPPER=/opt/local/libexec/gcc/x86_64-apple-darwin16/4.9.4/lto-wrapper]
  ignore line: [Target: x86_64-apple-darwin16]
  ignore line: [Configured with: /opt/local/var/macports/build/_opt_bblocal_var_buildworker_ports_build_ports_lang_gcc49/gcc49/work/gcc-4.9.4/configure --prefix=/opt/local --build=x86_64-apple-darwin16 --enable-languages=c,c++,objc,obj-c++,lto,fortran,java --libdir=/opt/local/lib/gcc49 --includedir=/opt/local/include/gcc49 --infodir=/opt/local/share/info --mandir=/opt/local/share/man --datarootdir=/opt/local/share/gcc-4.9 --with-local-prefix=/opt/local --with-system-zlib --disable-nls --program-suffix=-mp-4.9 --with-gxx-include-dir=/opt/local/include/gcc49/c++/ --with-gmp=/opt/local --with-mpfr=/opt/local --with-mpc=/opt/local --with-isl=/opt/local --disable-isl-version-check --with-cloog=/opt/local --disable-cloog-version-check --enable-stage1-checking --disable-multilib --enable-lto --enable-libstdcxx-time --with-build-config=bootstrap-debug --with-as=/opt/local/bin/as --with-ld=/opt/local/bin/ld --with-ar=/opt/local/bin/ar --with-bugurl=https://trac.macports.org/newticket --with-pkgversion='MacPorts gcc49 4.9.4_0' --with-build-config=bootstrap-debug]
  ignore line: [Thread model: posix]
  ignore line: [gcc version 4.9.4 (MacPorts gcc49 4.9.4_0) ]
  ignore line: [COMPILER_PATH=/opt/local/libexec/gcc/x86_64-apple-darwin16/4.9.4/:/opt/local/libexec/gcc/x86_64-apple-darwin16/4.9.4/:/opt/local/libexec/gcc/x86_64-apple-darwin16/:/opt/local/lib/gcc49/gcc/x86_64-apple-darwin16/4.9.4/:/opt/local/lib/gcc49/gcc/x86_64-apple-darwin16/]
  ignore line: [LIBRARY_PATH=/opt/local/lib/gcc49/gcc/x86_64-apple-darwin16/4.9.4/:/opt/local/lib/gcc49/gcc/x86_64-apple-darwin16/4.9.4/../../../:/usr/lib/]
  ignore line: [COLLECT_GCC_OPTIONS='-mmacosx-version-min=10.12.7' '-v' '-o' 'cmTC_e23e8' '-shared-libgcc' '-mtune=core2']
  link line: [ /opt/local/libexec/gcc/x86_64-apple-darwin16/4.9.4/collect2 -dynamic -arch x86_64 -macosx_version_min 10.12.7 -weak_reference_mismatches non-weak -o cmTC_e23e8 -L/opt/local/lib/gcc49/gcc/x86_64-apple-darwin16/4.9.4 -L/opt/local/lib/gcc49/gcc/x86_64-apple-darwin16/4.9.4/../../.. -search_paths_first -headerpad_max_install_names -v CMakeFiles/cmTC_e23e8.dir/CMakeCXXCompilerABI.cpp.o -lstdc++ -no_compact_unwind -lSystem -lgcc_ext.10.5 -lgcc -lSystem -v]
    arg [/opt/local/libexec/gcc/x86_64-apple-darwin16/4.9.4/collect2] ==> ignore
    arg [-dynamic] ==> ignore
    arg [-arch] ==> ignore
    arg [x86_64] ==> ignore
    arg [-macosx_version_min] ==> ignore
    arg [10.12.7] ==> ignore
    arg [-weak_reference_mismatches] ==> ignore
    arg [non-weak] ==> ignore
    arg [-o] ==> ignore
    arg [cmTC_e23e8] ==> ignore
    arg [-L/opt/local/lib/gcc49/gcc/x86_64-apple-darwin16/4.9.4] ==> dir [/opt/local/lib/gcc49/gcc/x86_64-apple-darwin16/4.9.4]
    arg [-L/opt/local/lib/gcc49/gcc/x86_64-apple-darwin16/4.9.4/../../..] ==> dir [/opt/local/lib/gcc49/gcc/x86_64-apple-darwin16/4.9.4/../../..]
    arg [-search_paths_first] ==> ignore
    arg [-headerpad_max_install_names] ==> ignore
    arg [-v] ==> ignore
    arg [CMakeFiles/cmTC_e23e8.dir/CMakeCXXCompilerABI.cpp.o] ==> ignore
    arg [-lstdc++] ==> lib [stdc++]
    arg [-no_compact_unwind] ==> ignore
    arg [-lSystem] ==> lib [System]
    arg [-lgcc_ext.10.5] ==> lib [gcc_ext.10.5]
    arg [-lgcc] ==> lib [gcc]
    arg [-lSystem] ==> lib [System]
    arg [-v] ==> ignore
  Library search paths: [;/opt/local/lib/gcc49/gcc/x86_64-apple-darwin16/4.9.4;/opt/local/lib/gcc49;/usr/lib;/usr/local/lib]
  Framework search paths: [;/Library/Frameworks/;/System/Library/Frameworks/]
  remove lib [System]
  remove lib [gcc_ext.10.5]
  remove lib [gcc]
  remove lib [System]
  collapse library dir [/opt/local/lib/gcc49/gcc/x86_64-apple-darwin16/4.9.4] ==> [/opt/local/lib/gcc49/gcc/x86_64-apple-darwin16/4.9.4]
  collapse library dir [/opt/local/lib/gcc49/gcc/x86_64-apple-darwin16/4.9.4/../../..] ==> [/opt/local/lib/gcc49]
  collapse library dir [/opt/local/lib/gcc49/gcc/x86_64-apple-darwin16/4.9.4] ==> [/opt/local/lib/gcc49/gcc/x86_64-apple-darwin16/4.9.4]
  collapse library dir [/opt/local/lib/gcc49] ==> [/opt/local/lib/gcc49]
  collapse library dir [/usr/lib] ==> [/usr/lib]
  collapse library dir [/usr/local/lib] ==> [/usr/local/lib]
  collapse framework dir [/Library/Frameworks/] ==> [/Library/Frameworks]
  collapse framework dir [/System/Library/Frameworks/] ==> [/System/Library/Frameworks]
  implicit libs: [stdc++]
  implicit dirs: [/opt/local/lib/gcc49/gcc/x86_64-apple-darwin16/4.9.4;/opt/local/lib/gcc49;/usr/lib;/usr/local/lib]
  implicit fwks: [/Library/Frameworks;/System/Library/Frameworks]




Detecting CXX [-std=c++14] compiler features compiled with the following output:
Change Dir: /u/rbentley/python/efit5-build/CMakeFiles/CMakeTmp

Run Build Command:"/usr/bin/make" "cmTC_677ad/fast"
/Applications/Xcode.app/Contents/Developer/usr/bin/make -f CMakeFiles/cmTC_677ad.dir/build.make CMakeFiles/cmTC_677ad.dir/build
Building CXX object CMakeFiles/cmTC_677ad.dir/feature_tests.cxx.o
/opt/local/bin/c++     -std=c++14 -o CMakeFiles/cmTC_677ad.dir/feature_tests.cxx.o -c /u/rbentley/python/efit5-build/CMakeFiles/feature_tests.cxx
Linking CXX executable cmTC_677ad
/opt/local/bin/cmake -E cmake_link_script CMakeFiles/cmTC_677ad.dir/link.txt --verbose=1
/opt/local/bin/c++     -Wl,-search_paths_first -Wl,-headerpad_max_install_names   CMakeFiles/cmTC_677ad.dir/feature_tests.cxx.o  -o cmTC_677ad  


    Feature record: CXX_FEATURE:0cxx_aggregate_default_initializers
    Feature record: CXX_FEATURE:1cxx_alias_templates
    Feature record: CXX_FEATURE:1cxx_alignas
    Feature record: CXX_FEATURE:1cxx_alignof
    Feature record: CXX_FEATURE:1cxx_attributes
    Feature record: CXX_FEATURE:1cxx_attribute_deprecated
    Feature record: CXX_FEATURE:1cxx_auto_type
    Feature record: CXX_FEATURE:1cxx_binary_literals
    Feature record: CXX_FEATURE:1cxx_constexpr
    Feature record: CXX_FEATURE:1cxx_contextual_conversions
    Feature record: CXX_FEATURE:1cxx_decltype
    Feature record: CXX_FEATURE:1cxx_decltype_auto
    Feature record: CXX_FEATURE:1cxx_decltype_incomplete_return_types
    Feature record: CXX_FEATURE:1cxx_default_function_template_args
    Feature record: CXX_FEATURE:1cxx_defaulted_functions
    Feature record: CXX_FEATURE:1cxx_defaulted_move_initializers
    Feature record: CXX_FEATURE:1cxx_delegating_constructors
    Feature record: CXX_FEATURE:1cxx_deleted_functions
    Feature record: CXX_FEATURE:1cxx_digit_separators
    Feature record: CXX_FEATURE:1cxx_enum_forward_declarations
    Feature record: CXX_FEATURE:1cxx_explicit_conversions
    Feature record: CXX_FEATURE:1cxx_extended_friend_declarations
    Feature record: CXX_FEATURE:1cxx_extern_templates
    Feature record: CXX_FEATURE:1cxx_final
    Feature record: CXX_FEATURE:1cxx_func_identifier
    Feature record: CXX_FEATURE:1cxx_generalized_initializers
    Feature record: CXX_FEATURE:1cxx_generic_lambdas
    Feature record: CXX_FEATURE:1cxx_inheriting_constructors
    Feature record: CXX_FEATURE:1cxx_inline_namespaces
    Feature record: CXX_FEATURE:1cxx_lambdas
    Feature record: CXX_FEATURE:1cxx_lambda_init_captures
    Feature record: CXX_FEATURE:1cxx_local_type_template_args
    Feature record: CXX_FEATURE:1cxx_long_long_type
    Feature record: CXX_FEATURE:1cxx_noexcept
    Feature record: CXX_FEATURE:1cxx_nonstatic_member_init
    Feature record: CXX_FEATURE:1cxx_nullptr
    Feature record: CXX_FEATURE:1cxx_override
    Feature record: CXX_FEATURE:1cxx_range_for
    Feature record: CXX_FEATURE:1cxx_raw_string_literals
    Feature record: CXX_FEATURE:1cxx_reference_qualified_functions
    Feature record: CXX_FEATURE:0cxx_relaxed_constexpr
    Feature record: CXX_FEATURE:1cxx_return_type_deduction
    Feature record: CXX_FEATURE:1cxx_right_angle_brackets
    Feature record: CXX_FEATURE:1cxx_rvalue_references
    Feature record: CXX_FEATURE:1cxx_sizeof_member
    Feature record: CXX_FEATURE:1cxx_static_assert
    Feature record: CXX_FEATURE:1cxx_strong_enums
    Feature record: CXX_FEATURE:1cxx_template_template_parameters
    Feature record: CXX_FEATURE:1cxx_thread_local
    Feature record: CXX_FEATURE:1cxx_trailing_return_types
    Feature record: CXX_FEATURE:1cxx_unicode_literals
    Feature record: CXX_FEATURE:1cxx_uniform_initialization
    Feature record: CXX_FEATURE:1cxx_unrestricted_unions
    Feature record: CXX_FEATURE:1cxx_user_literals
    Feature record: CXX_FEATURE:0cxx_variable_templates
    Feature record: CXX_FEATURE:1cxx_variadic_macros
    Feature record: CXX_FEATURE:1cxx_variadic_templates


Detecting CXX [-std=c++11] compiler features compiled with the following output:
Change Dir: /u/rbentley/python/efit5-build/CMakeFiles/CMakeTmp

Run Build Command:"/usr/bin/make" "cmTC_54e18/fast"
/Applications/Xcode.app/Contents/Developer/usr/bin/make -f CMakeFiles/cmTC_54e18.dir/build.make CMakeFiles/cmTC_54e18.dir/build
Building CXX object CMakeFiles/cmTC_54e18.dir/feature_tests.cxx.o
/opt/local/bin/c++     -std=c++11 -o CMakeFiles/cmTC_54e18.dir/feature_tests.cxx.o -c /u/rbentley/python/efit5-build/CMakeFiles/feature_tests.cxx
Linking CXX executable cmTC_54e18
/opt/local/bin/cmake -E cmake_link_script CMakeFiles/cmTC_54e18.dir/link.txt --verbose=1
/opt/local/bin/c++     -Wl,-search_paths_first -Wl,-headerpad_max_install_names   CMakeFiles/cmTC_54e18.dir/feature_tests.cxx.o  -o cmTC_54e18  


    Feature record: CXX_FEATURE:0cxx_aggregate_default_initializers
    Feature record: CXX_FEATURE:1cxx_alias_templates
    Feature record: CXX_FEATURE:1cxx_alignas
    Feature record: CXX_FEATURE:1cxx_alignof
    Feature record: CXX_FEATURE:1cxx_attributes
    Feature record: CXX_FEATURE:0cxx_attribute_deprecated
    Feature record: CXX_FEATURE:1cxx_auto_type
    Feature record: CXX_FEATURE:0cxx_binary_literals
    Feature record: CXX_FEATURE:1cxx_constexpr
    Feature record: CXX_FEATURE:0cxx_contextual_conversions
    Feature record: CXX_FEATURE:1cxx_decltype
    Feature record: CXX_FEATURE:0cxx_decltype_auto
    Feature record: CXX_FEATURE:1cxx_decltype_incomplete_return_types
    Feature record: CXX_FEATURE:1cxx_default_function_template_args
    Feature record: CXX_FEATURE:1cxx_defaulted_functions
    Feature record: CXX_FEATURE:1cxx_defaulted_move_initializers
    Feature record: CXX_FEATURE:1cxx_delegating_constructors
    Feature record: CXX_FEATURE:1cxx_deleted_functions
    Feature record: CXX_FEATURE:0cxx_digit_separators
    Feature record: CXX_FEATURE:1cxx_enum_forward_declarations
    Feature record: CXX_FEATURE:1cxx_explicit_conversions
    Feature record: CXX_FEATURE:1cxx_extended_friend_declarations
    Feature record: CXX_FEATURE:1cxx_extern_templates
    Feature record: CXX_FEATURE:1cxx_final
    Feature record: CXX_FEATURE:1cxx_func_identifier
    Feature record: CXX_FEATURE:1cxx_generalized_initializers
    Feature record: CXX_FEATURE:0cxx_generic_lambdas
    Feature record: CXX_FEATURE:1cxx_inheriting_constructors
    Feature record: CXX_FEATURE:1cxx_inline_namespaces
    Feature record: CXX_FEATURE:1cxx_lambdas
    Feature record: CXX_FEATURE:0cxx_lambda_init_captures
    Feature record: CXX_FEATURE:1cxx_local_type_template_args
    Feature record: CXX_FEATURE:1cxx_long_long_type
    Feature record: CXX_FEATURE:1cxx_noexcept
    Feature record: CXX_FEATURE:1cxx_nonstatic_member_init
    Feature record: CXX_FEATURE:1cxx_nullptr
    Feature record: CXX_FEATURE:1cxx_override
    Feature record: CXX_FEATURE:1cxx_range_for
    Feature record: CXX_FEATURE:1cxx_raw_string_literals
    Feature record: CXX_FEATURE:1cxx_reference_qualified_functions
    Feature record: CXX_FEATURE:0cxx_relaxed_constexpr
    Feature record: CXX_FEATURE:0cxx_return_type_deduction
    Feature record: CXX_FEATURE:1cxx_right_angle_brackets
    Feature record: CXX_FEATURE:1cxx_rvalue_references
    Feature record: CXX_FEATURE:1cxx_sizeof_member
    Feature record: CXX_FEATURE:1cxx_static_assert
    Feature record: CXX_FEATURE:1cxx_strong_enums
    Feature record: CXX_FEATURE:1cxx_template_template_parameters
    Feature record: CXX_FEATURE:1cxx_thread_local
    Feature record: CXX_FEATURE:1cxx_trailing_return_types
    Feature record: CXX_FEATURE:1cxx_unicode_literals
    Feature record: CXX_FEATURE:1cxx_uniform_initialization
    Feature record: CXX_FEATURE:1cxx_unrestricted_unions
    Feature record: CXX_FEATURE:1cxx_user_literals
    Feature record: CXX_FEATURE:0cxx_variable_templates
    Feature record: CXX_FEATURE:1cxx_variadic_macros
    Feature record: CXX_FEATURE:1cxx_variadic_templates


Detecting CXX [-std=c++98] compiler features compiled with the following output:
Change Dir: /u/rbentley/python/efit5-build/CMakeFiles/CMakeTmp

Run Build Command:"/usr/bin/make" "cmTC_34e1a/fast"
/Applications/Xcode.app/Contents/Developer/usr/bin/make -f CMakeFiles/cmTC_34e1a.dir/build.make CMakeFiles/cmTC_34e1a.dir/build
Building CXX object CMakeFiles/cmTC_34e1a.dir/feature_tests.cxx.o
/opt/local/bin/c++     -std=c++98 -o CMakeFiles/cmTC_34e1a.dir/feature_tests.cxx.o -c /u/rbentley/python/efit5-build/CMakeFiles/feature_tests.cxx
Linking CXX executable cmTC_34e1a
/opt/local/bin/cmake -E cmake_link_script CMakeFiles/cmTC_34e1a.dir/link.txt --verbose=1
/opt/local/bin/c++     -Wl,-search_paths_first -Wl,-headerpad_max_install_names   CMakeFiles/cmTC_34e1a.dir/feature_tests.cxx.o  -o cmTC_34e1a  


    Feature record: CXX_FEATURE:0cxx_aggregate_default_initializers
    Feature record: CXX_FEATURE:0cxx_alias_templates
    Feature record: CXX_FEATURE:0cxx_alignas
    Feature record: CXX_FEATURE:0cxx_alignof
    Feature record: CXX_FEATURE:0cxx_attributes
    Feature record: CXX_FEATURE:0cxx_attribute_deprecated
    Feature record: CXX_FEATURE:0cxx_auto_type
    Feature record: CXX_FEATURE:0cxx_binary_literals
    Feature record: CXX_FEATURE:0cxx_constexpr
    Feature record: CXX_FEATURE:0cxx_contextual_conversions
    Feature record: CXX_FEATURE:0cxx_decltype
    Feature record: CXX_FEATURE:0cxx_decltype_auto
    Feature record: CXX_FEATURE:0cxx_decltype_incomplete_return_types
    Feature record: CXX_FEATURE:0cxx_default_function_template_args
    Feature record: CXX_FEATURE:0cxx_defaulted_functions
    Feature record: CXX_FEATURE:0cxx_defaulted_move_initializers
    Feature record: CXX_FEATURE:0cxx_delegating_constructors
    Feature record: CXX_FEATURE:0cxx_deleted_functions
    Feature record: CXX_FEATURE:0cxx_digit_separators
    Feature record: CXX_FEATURE:0cxx_enum_forward_declarations
    Feature record: CXX_FEATURE:0cxx_explicit_conversions
    Feature record: CXX_FEATURE:0cxx_extended_friend_declarations
    Feature record: CXX_FEATURE:0cxx_extern_templates
    Feature record: CXX_FEATURE:0cxx_final
    Feature record: CXX_FEATURE:0cxx_func_identifier
    Feature record: CXX_FEATURE:0cxx_generalized_initializers
    Feature record: CXX_FEATURE:0cxx_generic_lambdas
    Feature record: CXX_FEATURE:0cxx_inheriting_constructors
    Feature record: CXX_FEATURE:0cxx_inline_namespaces
    Feature record: CXX_FEATURE:0cxx_lambdas
    Feature record: CXX_FEATURE:0cxx_lambda_init_captures
    Feature record: CXX_FEATURE:0cxx_local_type_template_args
    Feature record: CXX_FEATURE:0cxx_long_long_type
    Feature record: CXX_FEATURE:0cxx_noexcept
    Feature record: CXX_FEATURE:0cxx_nonstatic_member_init
    Feature record: CXX_FEATURE:0cxx_nullptr
    Feature record: CXX_FEATURE:0cxx_override
    Feature record: CXX_FEATURE:0cxx_range_for
    Feature record: CXX_FEATURE:0cxx_raw_string_literals
    Feature record: CXX_FEATURE:0cxx_reference_qualified_functions
    Feature record: CXX_FEATURE:0cxx_relaxed_constexpr
    Feature record: CXX_FEATURE:0cxx_return_type_deduction
    Feature record: CXX_FEATURE:0cxx_right_angle_brackets
    Feature record: CXX_FEATURE:0cxx_rvalue_references
    Feature record: CXX_FEATURE:0cxx_sizeof_member
    Feature record: CXX_FEATURE:0cxx_static_assert
    Feature record: CXX_FEATURE:0cxx_strong_enums
    Feature record: CXX_FEATURE:1cxx_template_template_parameters
    Feature record: CXX_FEATURE:0cxx_thread_local
    Feature record: CXX_FEATURE:0cxx_trailing_return_types
    Feature record: CXX_FEATURE:0cxx_unicode_literals
    Feature record: CXX_FEATURE:0cxx_uniform_initialization
    Feature record: CXX_FEATURE:0cxx_unrestricted_unions
    Feature record: CXX_FEATURE:0cxx_user_literals
    Feature record: CXX_FEATURE:0cxx_variable_templates
    Feature record: CXX_FEATURE:0cxx_variadic_macros
    Feature record: CXX_FEATURE:0cxx_variadic_templates
Determining if the Fortran dgemm exists passed with the following output:
Change Dir: /u/rbentley/python/efit5-build/CMakeFiles/CMakeTmp

Run Build Command:"/usr/bin/make" "cmTC_1dd19/fast"
/Applications/Xcode.app/Contents/Developer/usr/bin/make -f CMakeFiles/cmTC_1dd19.dir/build.make CMakeFiles/cmTC_1dd19.dir/build
Building Fortran object CMakeFiles/cmTC_1dd19.dir/testFortranCompiler.f.o
/opt/local/bin/gfortran     -c /u/rbentley/python/efit5-build/CMakeFiles/CMakeTmp/testFortranCompiler.f -o CMakeFiles/cmTC_1dd19.dir/testFortranCompiler.f.o
Linking Fortran executable cmTC_1dd19
/opt/local/bin/cmake -E cmake_link_script CMakeFiles/cmTC_1dd19.dir/link.txt --verbose=1
/opt/local/bin/gfortran       CMakeFiles/cmTC_1dd19.dir/testFortranCompiler.f.o  -o cmTC_1dd19  -framework Accelerate 


Determining if the include file pthread.h exists passed with the following output:
Change Dir: /u/rbentley/python/efit5-build/CMakeFiles/CMakeTmp

Run Build Command:"/usr/bin/make" "cmTC_07261/fast"
/Applications/Xcode.app/Contents/Developer/usr/bin/make -f CMakeFiles/cmTC_07261.dir/build.make CMakeFiles/cmTC_07261.dir/build
Building C object CMakeFiles/cmTC_07261.dir/CheckIncludeFile.c.o
/opt/local/bin/gcc     -o CMakeFiles/cmTC_07261.dir/CheckIncludeFile.c.o   -c /u/rbentley/python/efit5-build/CMakeFiles/CMakeTmp/CheckIncludeFile.c
Linking C executable cmTC_07261
/opt/local/bin/cmake -E cmake_link_script CMakeFiles/cmTC_07261.dir/link.txt --verbose=1
/opt/local/bin/gcc    -Wl,-search_paths_first -Wl,-headerpad_max_install_names   CMakeFiles/cmTC_07261.dir/CheckIncludeFile.c.o  -o cmTC_07261  


Determining if the pthread_create exist passed with the following output:
Change Dir: /u/rbentley/python/efit5-build/CMakeFiles/CMakeTmp

Run Build Command:"/usr/bin/make" "cmTC_f0e74/fast"
/Applications/Xcode.app/Contents/Developer/usr/bin/make -f CMakeFiles/cmTC_f0e74.dir/build.make CMakeFiles/cmTC_f0e74.dir/build
Building C object CMakeFiles/cmTC_f0e74.dir/CheckSymbolExists.c.o
/opt/local/bin/gcc     -o CMakeFiles/cmTC_f0e74.dir/CheckSymbolExists.c.o   -c /u/rbentley/python/efit5-build/CMakeFiles/CMakeTmp/CheckSymbolExists.c
Linking C executable cmTC_f0e74
/opt/local/bin/cmake -E cmake_link_script CMakeFiles/cmTC_f0e74.dir/link.txt --verbose=1
/opt/local/bin/gcc    -Wl,-search_paths_first -Wl,-headerpad_max_install_names   CMakeFiles/cmTC_f0e74.dir/CheckSymbolExists.c.o  -o cmTC_f0e74  

File /u/rbentley/python/efit5-build/CMakeFiles/CMakeTmp/CheckSymbolExists.c:
/* */
#include <pthread.h>

int main(int argc, char** argv)
{
  (void)argv;
#ifndef pthread_create
  return ((int*)(&pthread_create))[argc];
#else
  (void)argc;
  return 0;
#endif
}

Determining if the Fortran cheev exists passed with the following output:
Change Dir: /u/rbentley/python/efit5-build/CMakeFiles/CMakeTmp

Run Build Command:"/usr/bin/make" "cmTC_0c103/fast"
/Applications/Xcode.app/Contents/Developer/usr/bin/make -f CMakeFiles/cmTC_0c103.dir/build.make CMakeFiles/cmTC_0c103.dir/build
Building Fortran object CMakeFiles/cmTC_0c103.dir/testFortranCompiler.f.o
/opt/local/bin/gfortran     -c /u/rbentley/python/efit5-build/CMakeFiles/CMakeTmp/testFortranCompiler.f -o CMakeFiles/cmTC_0c103.dir/testFortranCompiler.f.o
Linking Fortran executable cmTC_0c103
/opt/local/bin/cmake -E cmake_link_script CMakeFiles/cmTC_0c103.dir/link.txt --verbose=1
/opt/local/bin/gfortran       CMakeFiles/cmTC_0c103.dir/testFortranCompiler.f.o  -o cmTC_0c103  -framework Accelerate -framework Accelerate 


